<?xml version="1.0" encoding="UTF-8"?>
<!-- Generated by org.testng.reporters.JUnitReportReporter -->
<testsuite hostname="Hidden-Leaf-Village" failures="0" tests="2" name="avadhutwakkar.TestCases.ErrorValidation" time="7.577" errors="0" timestamp="2025-06-30T12:01:58 IST" skipped="0">
  <testcase classname="avadhutwakkar.TestCases.ErrorValidation" name="lockedUsers" time="1.836"/>
  <testcase classname="avadhutwakkar.TestCases.ErrorValidation" name="problemUser" time="5.741"/>
</testsuite> <!-- avadhutwakkar.TestCases.ErrorValidation -->
