<?xml version="1.0" encoding="UTF-8"?>
<!-- Generated by org.testng.reporters.JUnitReportReporter -->
<testsuite hostname="Hidden-Leaf-Village" failures="0" tests="2" name="avadhutwakkar.TestCases.LoginErrorValidationTest" time="9.058" errors="0" timestamp="2025-07-16T11:46:17 IST" skipped="0">
  <testcase classname="avadhutwakkar.TestCases.LoginErrorValidationTest" name="LoginWithLockedUser" time="4.475"/>
  <testcase classname="avadhutwakkar.TestCases.LoginErrorValidationTest" name="LoginWithProblemUser" time="4.583"/>
</testsuite> <!-- avadhutwakkar.TestCases.LoginErrorValidationTest -->
