<?xml version="1.0" encoding="UTF-8"?>
<!-- Generated by org.testng.reporters.JUnitReportReporter -->
<testsuite hostname="Hidden-Leaf-Village" failures="0" tests="1" name="avadhutwakkar.TestCases.Regression" time="4.703" errors="0" timestamp="2025-06-26T13:33:10 IST" skipped="0">
  <testcase classname="avadhutwakkar.TestCases.Regression" name="SubmitOrder" time="4.703"/>
</testsuite> <!-- avadhutwakkar.TestCases.Regression -->
