<?xml version="1.0" encoding="UTF-8"?>
<!-- Generated by org.testng.reporters.JUnitReportReporter -->
<testsuite hostname="Hidden-Leaf-Village" failures="0" tests="3" name="avadhutwakkar.TestCases.SubmitOrderTest" time="15.318" errors="0" timestamp="2025-07-16T11:46:17 IST" skipped="0">
  <testcase classname="avadhutwakkar.TestCases.SubmitOrderTest" name="productPage" time="3.664"/>
  <testcase classname="avadhutwakkar.TestCases.SubmitOrderTest" name="SubmitOrder" time="4.840"/>
  <testcase classname="avadhutwakkar.TestCases.SubmitOrderTest" name="SubmitOrder" time="6.814"/>
</testsuite> <!-- avadhutwakkar.TestCases.SubmitOrderTest -->
