<?xml version="1.0" encoding="UTF-8"?>
<!-- Generated by org.testng.reporters.JUnitReportReporter -->
<testsuite hostname="Hidden-Leaf-Village" failures="0" tests="2" name="avadhutwakkar.TestCases.LoginErrorValidationTest" time="13.885" errors="0" timestamp="2025-08-13T12:23:19 IST" skipped="0">
  <testcase classname="avadhutwakkar.TestCases.LoginErrorValidationTest" name="LoginWithLockedUser" time="3.193"/>
  <testcase classname="avadhutwakkar.TestCases.LoginErrorValidationTest" name="LoginWithProblemUser" time="10.692"/>
</testsuite> <!-- avadhutwakkar.TestCases.LoginErrorValidationTest -->
