<?xml version="1.0" encoding="UTF-8"?>
<!-- Generated by org.testng.reporters.JUnitReportReporter -->
<testsuite hostname="Hidden-Leaf-Village" failures="0" tests="2" name="avadhutwakkar.TestCases.SubmitOrderTest" time="11.566" errors="0" timestamp="2025-08-13T12:24:08 IST" skipped="0">
  <testcase classname="avadhutwakkar.TestCases.SubmitOrderTest" name="SubmitOrder" time="5.198"/>
  <testcase classname="avadhutwakkar.TestCases.SubmitOrderTest" name="SubmitOrder" time="6.368"/>
</testsuite> <!-- avadhutwakkar.TestCases.SubmitOrderTest -->
